[-1] MPI startup(): Imported environment partly inaccesible. Map=0 Info=1134ab0
[0] MPI startup(): Multi-threaded optimized library
[-1] MPI startup(): Imported environment partly inaccesible. Map=0 Info=1e05ab0
[1] DAPL startup(): trying to open DAPL provider from I_MPI_DAPL_PROVIDER: ofa-v2-mlx4_0-1u
[1] MPI startup(): DAPL provider ofa-v2-mlx4_0-1u
[1] MPI startup(): dapl data transfer mode
[0] DAPL startup(): trying to open DAPL provider from I_MPI_DAPL_PROVIDER: ofa-v2-mlx4_0-1u
[0] MPI startup(): DAPL provider ofa-v2-mlx4_0-1u
[0] MPI startup(): dapl data transfer mode
[0] MPID_nem_init_dapl_coll_fns(): User set DAPL collective mask = 0000
[0] MPID_nem_init_dapl_coll_fns(): Effective DAPL collective mask = 0000
[1] MPID_nem_init_dapl_coll_fns(): User set DAPL collective mask = 0000
[1] MPID_nem_init_dapl_coll_fns(): Effective DAPL collective mask = 0000
[0] MPI startup(): Rank    Pid      Node name  Pin cpu
[0] MPI startup(): 0       16425    c6903      +1
[0] MPI startup(): 1       20913    c6904      +1
[0] MPI startup(): I_MPI_DEBUG=5
#------------------------------------------------------------
#    Intel (R) MPI Benchmarks 4.1 Update 1, MPI-1 part    
#------------------------------------------------------------
# Date                  : Mon Oct 17 09:27:20 2016
# Machine               : x86_64
# System                : Linux
# Release               : 2.6.32-573.12.1.el6.x86_64
# Version               : #1 SMP Mon Nov 23 12:55:32 EST 2015
# MPI Version           : 3.0
# MPI Thread Environment: 

# New default behavior from Version 3.2 on:

# the number of iterations per message size is cut down 
# dynamically when a certain run time (per message size sample) 
# is expected to be exceeded. Time limit is defined by variable 
# "SECS_PER_SAMPLE" (=> IMB_settings.h) 
# or through the flag => -time 
  


# Calling sequence was: 

# /opt/cesga/intel/impi/5.1.3.223/bin64/IMB-MPI1 pingpong

# Minimum message length in bytes:   0
# Maximum message length in bytes:   4194304
#
# MPI_Datatype                   :   MPI_BYTE 
# MPI_Datatype for reductions    :   MPI_FLOAT
# MPI_Op                         :   MPI_SUM  
#
#

# List of Benchmarks to run:

# PingPong

#---------------------------------------------------
# Benchmarking PingPong 
# #processes = 2 
#---------------------------------------------------
       #bytes #repetitions      t[usec]   Mbytes/sec
            0         1000         1.69         0.00
            1         1000         1.69         0.56
            2         1000         1.67         1.14
            4         1000         1.64         2.32
            8         1000         1.64         4.66
           16         1000         1.62         9.43
           32         1000         2.65        11.51
           64         1000         2.62        23.30
          128         1000         2.64        46.16
          256         1000         2.80        87.30
          512         1000         2.89       168.75
         1024         1000         3.15       310.27
         2048         1000         3.76       519.73
         4096         1000         4.54       860.80
         8192         1000         5.81      1344.66
        16384         1000         7.59      2058.91
        32768         1000        10.24      3051.91
        65536          640        16.18      3862.11
       131072          320        26.85      4655.49
       262144          160        49.96      5004.39
       524288           80        96.54      5179.35
      1048576           40       189.49      5277.43
      2097152           20       375.62      5324.49
      4194304           10       755.55      5294.17


# All processes entering MPI_Finalize

