[-1] MPI startup(): Imported environment partly inaccesible. Map=0 Info=10d7ab0
[0] MPI startup(): Multi-threaded optimized library
[-1] MPI startup(): Imported environment partly inaccesible. Map=0 Info=ebaab0
[1] DAPL startup(): trying to open DAPL provider from I_MPI_DAPL_PROVIDER: ofa-v2-mlx4_0-1u
[0] DAPL startup(): trying to open DAPL provider from I_MPI_DAPL_PROVIDER: ofa-v2-mlx4_0-1u
[1] MPI startup(): DAPL provider ofa-v2-mlx4_0-1u
[1] MPI startup(): dapl data transfer mode
[0] MPI startup(): DAPL provider ofa-v2-mlx4_0-1u
[0] MPI startup(): dapl data transfer mode
[0] MPID_nem_init_dapl_coll_fns(): User set DAPL collective mask = 0000
[0] MPID_nem_init_dapl_coll_fns(): Effective DAPL collective mask = 0000
[1] MPID_nem_init_dapl_coll_fns(): User set DAPL collective mask = 0000
[1] MPID_nem_init_dapl_coll_fns(): Effective DAPL collective mask = 0000
[0] MPI startup(): Rank    Pid      Node name  Pin cpu
[0] MPI startup(): 0       25265    c6908      +1
[0] MPI startup(): 1       22497    c6909      +1
[0] MPI startup(): I_MPI_DEBUG=5
       #bytes #repetitions      t[usec]   Mbytes/sec
	0	1000	0.00000000000351500511	0.0000000000000000000000000000000000000000
	1	1000	0.00000000000348186493	287202.4102985483477823436260223388671875000000
	2	1000	0.00000000000343704224	581895.6714761375915259122848510742187500000000
	4	1000	0.00000000000337791443	1184162.6199887068942189216613769531250000000000
	8	512	0.00000000000340072438	2352439.9813775159418582916259765625000000000000
	16	256	0.00000000000344123691	4649490.9834912046790122985839843750000000000000
	32	128	0.00000000000573322177	5581503.9584145545959472656250000000000000000000
	64	64	0.00000000000604614615	10585255.1965495999902486801147460937500000000000
	128	32	0.00000000000596791506	21448026.4469413235783576965332031250000000000000
	256	16	0.00000000000606477261	42210980.7960687950253486633300781250000000000000
	512	8	0.00000000000649690628	78806739.3761467933654785156250000000000000000000
	1024	4	0.00000000000697374344	146836488.7521367669105529785156250000000000000000
	2048	2	0.00000000001001358032	204522252.1904761791229248046875000000000000000000
	4096	1	0.00000000001192092896	343597383.6800000071525573730468750000000000000000
	8192	1	0.00000000001621246338	505290270.1176470518112182617187500000000000000000
	16384	1	0.00000000002098083496	780903144.7272727489471435546875000000000000000000
	32768	1	0.00000000002789497375	1174691910.0170941352844238281250000000000000000000
	65536	1	0.00000000005292892456	1238188770.0180180072784423828125000000000000000000
	131072	1	0.00000000011706352234	1119665608.7331974506378173828125000000000000000000
	262144	1	0.00000000039291381836	667179385.7864077091217041015625000000000000000000
	524288	1	0.00000000056314468384	931000531.5630820989608764648437500000000000000000
	1048576	1	0.00000000095200538635	1101439146.2819933891296386718750000000000000000000
	2097152	1	0.00000000187492370605	1118526579.6297049522399902343750000000000000000000
	4194304	1	0.00000000360608100891	1163119738.4737851619720458984375000000000000000000
