Size	Repetitions	Time
Time: 0	1000		1.047015
Throughput: 0.000000
Time: 0	1000		1.047015
Throughput: 0.000000
Time: 4	1000		1.010060
Throughput: 3776702.466659
Time: 4	1000		1.010060
Throughput: 3776702.466659
Time: 8	1000		0.990987
Throughput: 7698785.035487
Time: 8	1000		0.990510
Throughput: 7702491.274522
Time: 16	1000		1.081467
Throughput: 14109347.442681
Time: 16	1000		1.081586
Throughput: 14107792.350931
Time: 32	1000		1.558423
Throughput: 19582345.291823
Time: 32	1000		1.557469
Throughput: 19594336.012246
Time: 64	1000		1.571536
Throughput: 38837897.291967
Time: 64	1000		1.571536
Throughput: 38837897.291967
Time: 128	1000		1.698017
Throughput: 71889918.562202
Time: 128	1000		1.697898
Throughput: 71894965.948185
Time: 256	1000		1.803041
Throughput: 135404958.677686
Time: 256	1000		1.802921
Throughput: 135413911.663581
Time: 512	1000		1.886964
Throughput: 258765556.889254
Time: 512	1000		1.886964
Throughput: 258765556.889254
Time: 1024	1000		2.044559
Throughput: 477639787.767477
Time: 1024	1000		2.044559
Throughput: 477639787.767477
Time: 2048	1000		2.437472
Throughput: 801291142.954957
Time: 2048	1000		2.436996
Throughput: 801447928.386245
Time: 4096	1000		3.087044
Throughput: 1265369168.983627
Time: 4096	1000		3.086448
Throughput: 1265613533.660346
Time: 8192	1000		4.273534
Throughput: 1828112360.177411
Time: 8192	1000		4.273057
Throughput: 1828316362.114660
Time: 16384	1000		5.632997
Throughput: 2773834465.536580
Time: 16384	1000		5.632997
Throughput: 2773834465.536580
Time: 32768	1000		8.855939
Throughput: 3528705461.104605
Time: 32768	1000		8.855581
Throughput: 3528847965.969362
Time: 65536	640		14.169700
Throughput: 4410820133.293021
Time: 65536	640		14.169514
Throughput: 4410878115.469555
Time: 131072	320		26.131049
Throughput: 4783581438.448927
Time: 131072	320		26.109070
Throughput: 4787608366.863567
Time: 262144	160		54.859370
Throughput: 4557106653.447597
Time: 262144	160		54.866076
Throughput: 4556549701.249321
Time: 524288	80		108.386576
Throughput: 4613117395.548346
Time: 524288	80		108.399987
Throughput: 4612546669.232673
Time: 1048576	40		219.812989
Throughput: 4549321691.500468
Time: 1048576	40		219.812989
Throughput: 4549321691.500468
Time: 2097152	20		468.128920
Throughput: 4272327378.754505
Time: 2097152	20		468.152761
Throughput: 4272109799.727538
Time: 4194304	10		1139.700413
Throughput: 3509694262.852362
Time: 4194304	10		1139.807701
Throughput: 3509363900.684000
