[-1] MPI startup(): Imported environment partly inaccesible. Map=0 Info=221aab0
[0] MPI startup(): Multi-threaded optimized library
[-1] MPI startup(): Imported environment partly inaccesible. Map=0 Info=1220ab0
[0] DAPL startup(): trying to open DAPL provider from I_MPI_DAPL_PROVIDER: ofa-v2-mlx4_0-1u
[0] MPI startup(): DAPL provider ofa-v2-mlx4_0-1u
[0] MPI startup(): dapl data transfer mode
[1] DAPL startup(): trying to open DAPL provider from I_MPI_DAPL_PROVIDER: ofa-v2-mlx4_0-1u
[1] MPI startup(): DAPL provider ofa-v2-mlx4_0-1u
[1] MPI startup(): dapl data transfer mode
[0] MPID_nem_init_dapl_coll_fns(): User set DAPL collective mask = 0000
[0] MPID_nem_init_dapl_coll_fns(): Effective DAPL collective mask = 0000
[1] MPID_nem_init_dapl_coll_fns(): User set DAPL collective mask = 0000
[1] MPID_nem_init_dapl_coll_fns(): Effective DAPL collective mask = 0000
[0] MPI startup(): Rank    Pid      Node name  Pin cpu
[0] MPI startup(): 0       3806     c7045      +1
[0] MPI startup(): 1       21889    c7046      +1
[0] MPI startup(): I_MPI_DEBUG=5
#------------------------------------------------------------
#    Intel (R) MPI Benchmarks 4.1 Update 1, MPI-1 part    
#------------------------------------------------------------
# Date                  : Mon Oct 24 09:39:57 2016
# Machine               : x86_64
# System                : Linux
# Release               : 2.6.32-573.12.1.el6.x86_64
# Version               : #1 SMP Mon Nov 23 12:55:32 EST 2015
# MPI Version           : 3.0
# MPI Thread Environment: 

# New default behavior from Version 3.2 on:

# the number of iterations per message size is cut down 
# dynamically when a certain run time (per message size sample) 
# is expected to be exceeded. Time limit is defined by variable 
# "SECS_PER_SAMPLE" (=> IMB_settings.h) 
# or through the flag => -time 
  


# Calling sequence was: 

# /opt/cesga/intel/impi/5.1.3.223/bin64/IMB-MPI1 SendRecv

# Minimum message length in bytes:   0
# Maximum message length in bytes:   4194304
#
# MPI_Datatype                   :   MPI_BYTE 
# MPI_Datatype for reductions    :   MPI_FLOAT
# MPI_Op                         :   MPI_SUM  
#
#

# List of Benchmarks to run:

# Sendrecv

#-----------------------------------------------------------------------------
# Benchmarking Sendrecv 
# #processes = 2 
#-----------------------------------------------------------------------------
       #bytes #repetitions  t_min[usec]  t_max[usec]  t_avg[usec]   Mbytes/sec
            0         1000         1.75         1.75         1.75         0.00
            1         1000         1.80         1.80         1.80         1.06
            2         1000         1.74         1.74         1.74         2.19
            4         1000         1.73         1.73         1.73         4.40
            8         1000         1.76         1.76         1.76         8.67
           16         1000         1.71         1.71         1.71        17.80
           32         1000         2.81         2.83         2.82        21.60
           64         1000         2.76         2.76         2.76        44.18
          128         1000         2.82         2.82         2.82        86.45
          256         1000         2.98         2.98         2.98       163.92
          512         1000         3.23         3.23         3.23       302.42
         1024         1000         3.40         3.40         3.40       573.95
         2048         1000         4.00         4.00         4.00       976.81
         4096         1000         4.91         4.91         4.91      1591.53
         8192         1000         6.27         6.28         6.27      2489.21
        16384         1000         8.31         8.31         8.31      3761.46
        32768         1000        11.79        11.79        11.79      5299.80
        65536          640        17.41        17.41        17.41      7178.80
       131072          320        35.50        35.51        35.50      7041.11
       262144          160        55.84        55.86        55.85      8951.67
       524288           80       124.59       124.60       124.59      8025.65
      1048576           40       232.75       232.80       232.77      8591.14
      2097152           20       480.26       480.26       480.26      8328.85
      4194304           10       978.61       978.68       978.65      8174.24


# All processes entering MPI_Finalize

