[-1] MPI startup(): Imported environment partly inaccesible. Map=0 Info=f45ab0
[-1] MPI startup(): Imported environment partly inaccesible. Map=0 Info=1e89ab0
[0] MPI startup(): Multi-threaded optimized library
[-1] MPI startup(): Imported environment partly inaccesible. Map=0 Info=6d4ab0
[-1] MPI startup(): Imported environment partly inaccesible. Map=0 Info=1fd5ab0
[-1] MPI startup(): Imported environment partly inaccesible. Map=0 Info=830ab0
[-1] MPI startup(): Imported environment partly inaccesible. Map=0 Info=1ed4ab0
[-1] MPI startup(): Imported environment partly inaccesible. Map=0 Info=96cab0
[-1] MPI startup(): Imported environment partly inaccesible. Map=0 Info=671ab0
[0] DAPL startup(): trying to open DAPL provider from I_MPI_DAPL_PROVIDER: ofa-v2-mlx4_0-1u
[5] DAPL startup(): trying to open DAPL provider from I_MPI_DAPL_PROVIDER: ofa-v2-mlx4_0-1u
[4] DAPL startup(): trying to open DAPL provider from I_MPI_DAPL_PROVIDER: ofa-v2-mlx4_0-1u
[2] DAPL startup(): trying to open DAPL provider from I_MPI_DAPL_PROVIDER: ofa-v2-mlx4_0-1u
[0] MPI startup(): DAPL provider ofa-v2-mlx4_0-1u
[0] MPI startup(): dapl data transfer mode
[5] MPI startup(): DAPL provider ofa-v2-mlx4_0-1u
[5] MPI startup(): dapl data transfer mode
[4] MPI startup(): DAPL provider ofa-v2-mlx4_0-1u
[2] MPI startup(): DAPL provider ofa-v2-mlx4_0-1u
[4] MPI startup(): dapl data transfer mode
[2] MPI startup(): dapl data transfer mode
[6] DAPL startup(): trying to open DAPL provider from I_MPI_DAPL_PROVIDER: ofa-v2-mlx4_0-1u
[1] DAPL startup(): trying to open DAPL provider from I_MPI_DAPL_PROVIDER: ofa-v2-mlx4_0-1u
[7] DAPL startup(): trying to open DAPL provider from I_MPI_DAPL_PROVIDER: ofa-v2-mlx4_0-1u
[6] MPI startup(): DAPL provider ofa-v2-mlx4_0-1u
[6] MPI startup(): dapl data transfer mode
[1] MPI startup(): DAPL provider ofa-v2-mlx4_0-1u
[1] MPI startup(): dapl data transfer mode
[7] MPI startup(): DAPL provider ofa-v2-mlx4_0-1u
[7] MPI startup(): dapl data transfer mode
[3] DAPL startup(): trying to open DAPL provider from I_MPI_DAPL_PROVIDER: ofa-v2-mlx4_0-1u
[3] MPI startup(): DAPL provider ofa-v2-mlx4_0-1u
[3] MPI startup(): dapl data transfer mode
[4] MPID_nem_init_dapl_coll_fns(): User set DAPL collective mask = 0000
[4] MPID_nem_init_dapl_coll_fns(): Effective DAPL collective mask = 0000
[3] MPID_nem_init_dapl_coll_fns(): User set DAPL collective mask = 0000
[3] MPID_nem_init_dapl_coll_fns(): Effective DAPL collective mask = 0000
[5] MPID_nem_init_dapl_coll_fns(): User set DAPL collective mask = 0000
[5] MPID_nem_init_dapl_coll_fns(): Effective DAPL collective mask = 0000
[1] MPID_nem_init_dapl_coll_fns(): User set DAPL collective mask = 0000
[1] MPID_nem_init_dapl_coll_fns(): Effective DAPL collective mask = 0000
[6] MPID_nem_init_dapl_coll_fns(): User set DAPL collective mask = 0000
[6] MPID_nem_init_dapl_coll_fns(): Effective DAPL collective mask = 0000
[2] MPID_nem_init_dapl_coll_fns(): User set DAPL collective mask = 0000
[2] MPID_nem_init_dapl_coll_fns(): Effective DAPL collective mask = 0000
[0] MPID_nem_init_dapl_coll_fns(): User set DAPL collective mask = 0000
[0] MPID_nem_init_dapl_coll_fns(): Effective DAPL collective mask = 0000
[7] MPID_nem_init_dapl_coll_fns(): User set DAPL collective mask = 0000
[7] MPID_nem_init_dapl_coll_fns(): Effective DAPL collective mask = 0000
[0] MPI startup(): Rank    Pid      Node name  Pin cpu
[0] MPI startup(): 0       26303    c7125      +1
[0] MPI startup(): 1       4580     c7126      +1
[0] MPI startup(): 2       824      c7127      +1
[0] MPI startup(): 3       25615    c7128      +1
[0] MPI startup(): 4       28869    c7129      +1
[0] MPI startup(): 5       17654    c7130      +1
[0] MPI startup(): 6       28364    c7131      +1
[0] MPI startup(): 7       32111    c7132      +1
[0] MPI startup(): I_MPI_DEBUG=5
Starting benchmark process

Tamaño del mensaje=4, Repeticiones=1000, Tiempo=   56.810379
Tamaño del mensaje=8, Repeticiones=1000, Tiempo=   53.689480
Tamaño del mensaje=16, Repeticiones=1000, Tiempo=   55.408478
Tamaño del mensaje=32, Repeticiones=1000, Tiempo=   62.379837
Tamaño del mensaje=64, Repeticiones=1000, Tiempo=   62.379837
Tamaño del mensaje=128, Repeticiones=1000, Tiempo=   65.259933
Tamaño del mensaje=256, Repeticiones=1000, Tiempo=   67.350864
Tamaño del mensaje=512, Repeticiones=1000, Tiempo=   70.109367
Tamaño del mensaje=1024, Repeticiones=1000, Tiempo=   80.740452
Tamaño del mensaje=2048, Repeticiones=1000, Tiempo=   99.771023
Tamaño del mensaje=4096, Repeticiones=1000, Tiempo=  137.808323
Tamaño del mensaje=8192, Repeticiones=512, Tiempo=  206.702389
Tamaño del mensaje=16384, Repeticiones=256, Tiempo=  372.380018
Tamaño del mensaje=32768, Repeticiones=128, Tiempo=  764.522702
Tamaño del mensaje=65536, Repeticiones=64, Tiempo= 2217.963338
Tamaño del mensaje=131072, Repeticiones=32, Tiempo= 4350.021482
Tamaño del mensaje=262144, Repeticiones=16, Tiempo= 7627.606392
Tamaño del mensaje=524288, Repeticiones=10, Tiempo=21498.918533
Tamaño del mensaje=1048576, Repeticiones=10, Tiempo=39067.983627
Tamaño del mensaje=2097152, Repeticiones=10, Tiempo=78711.032867
Tamaño del mensaje=4194304, Repeticiones=10, Tiempo=152601.003647
