[-1] MPI startup(): Imported environment partly inaccesible. Map=0 Info=100cab0
[-1] MPI startup(): Imported environment partly inaccesible. Map=0 Info=1013ab0
[0] MPI startup(): Multi-threaded optimized library
[-1] MPI startup(): Imported environment partly inaccesible. Map=0 Info=c82ab0
[-1] MPI startup(): Imported environment partly inaccesible. Map=0 Info=13baab0
[3] DAPL startup(): trying to open DAPL provider from I_MPI_DAPL_PROVIDER: ofa-v2-mlx4_0-1u
[0] DAPL startup(): trying to open DAPL provider from I_MPI_DAPL_PROVIDER: ofa-v2-mlx4_0-1u
[3] MPI startup(): DAPL provider ofa-v2-mlx4_0-1u
[3] MPI startup(): dapl data transfer mode
[0] MPI startup(): DAPL provider ofa-v2-mlx4_0-1u
[0] MPI startup(): dapl data transfer mode
[1] DAPL startup(): trying to open DAPL provider from I_MPI_DAPL_PROVIDER: ofa-v2-mlx4_0-1u
[1] MPI startup(): DAPL provider ofa-v2-mlx4_0-1u
[1] MPI startup(): dapl data transfer mode
[2] DAPL startup(): trying to open DAPL provider from I_MPI_DAPL_PROVIDER: ofa-v2-mlx4_0-1u
[2] MPI startup(): DAPL provider ofa-v2-mlx4_0-1u
[2] MPI startup(): dapl data transfer mode
[2] MPID_nem_init_dapl_coll_fns(): User set DAPL collective mask = 0000
[2] MPID_nem_init_dapl_coll_fns(): Effective DAPL collective mask = 0000
[1] MPID_nem_init_dapl_coll_fns(): User set DAPL collective mask = 0000
[1] MPID_nem_init_dapl_coll_fns(): Effective DAPL collective mask = 0000
[0] MPID_nem_init_dapl_coll_fns(): User set DAPL collective mask = 0000
[0] MPID_nem_init_dapl_coll_fns(): Effective DAPL collective mask = 0000
[3] MPID_nem_init_dapl_coll_fns(): User set DAPL collective mask = 0000
[3] MPID_nem_init_dapl_coll_fns(): Effective DAPL collective mask = 0000
[0] MPI startup(): Rank    Pid      Node name  Pin cpu
[0] MPI startup(): 0       23013    c7050      +1
[0] MPI startup(): 1       6035     c7052      +1
[0] MPI startup(): 2       29864    c7053      +1
[0] MPI startup(): 3       9684     c7054      +1
[0] MPI startup(): I_MPI_DEBUG=5
Starting benchmark process

Repeticiones=1000, Tiempo=   38.440228
