[-1] MPI startup(): Imported environment partly inaccesible. Map=0 Info=229eab0
[0] MPI startup(): Multi-threaded optimized library
[-1] MPI startup(): Imported environment partly inaccesible. Map=0 Info=fe0ab0
[-1] MPI startup(): Imported environment partly inaccesible. Map=0 Info=ab9ab0
[-1] MPI startup(): Imported environment partly inaccesible. Map=0 Info=c94ab0
[-1] MPI startup(): Imported environment partly inaccesible. Map=0 Info=21e1ab0
[-1] MPI startup(): Imported environment partly inaccesible. Map=0 Info=1b0aab0
[-1] MPI startup(): Imported environment partly inaccesible. Map=0 Info=1218ab0
[-1] MPI startup(): Imported environment partly inaccesible. Map=0 Info=ce0ab0
[-1] MPI startup(): Imported environment partly inaccesible. Map=0 Info=242eab0
[-1] MPI startup(): Imported environment partly inaccesible. Map=0 Info=156bab0
[-1] MPI startup(): Imported environment partly inaccesible. Map=0 Info=24d4ab0
[-1] MPI startup(): Imported environment partly inaccesible. Map=0 Info=103bab0
[-1] MPI startup(): Imported environment partly inaccesible. Map=0 Info=1eacab0
[-1] MPI startup(): Imported environment partly inaccesible. Map=0 Info=17dfab0
[-1] MPI startup(): Imported environment partly inaccesible. Map=0 Info=1578ab0
[-1] MPI startup(): Imported environment partly inaccesible. Map=0 Info=1bd5ab0
[6] DAPL startup(): trying to open DAPL provider from I_MPI_DAPL_PROVIDER: ofa-v2-mlx4_0-1u
[5] DAPL startup(): trying to open DAPL provider from I_MPI_DAPL_PROVIDER: ofa-v2-mlx4_0-1u
[0] DAPL startup(): trying to open DAPL provider from I_MPI_DAPL_PROVIDER: ofa-v2-mlx4_0-1u
[6] MPI startup(): DAPL provider ofa-v2-mlx4_0-1u
[6] MPI startup(): dapl data transfer mode
[5] MPI startup(): DAPL provider ofa-v2-mlx4_0-1u
[5] MPI startup(): dapl data transfer mode
[10] DAPL startup(): trying to open DAPL provider from I_MPI_DAPL_PROVIDER: ofa-v2-mlx4_0-1u
[9] DAPL startup(): trying to open DAPL provider from I_MPI_DAPL_PROVIDER: ofa-v2-mlx4_0-1u
[0] MPI startup(): DAPL provider ofa-v2-mlx4_0-1u
[0] MPI startup(): dapl data transfer mode
[10] MPI startup(): DAPL provider ofa-v2-mlx4_0-1u
[10] MPI startup(): dapl data transfer mode
[3] DAPL startup(): trying to open DAPL provider from I_MPI_DAPL_PROVIDER: ofa-v2-mlx4_0-1u
[9] MPI startup(): DAPL provider ofa-v2-mlx4_0-1u
[9] MPI startup(): dapl data transfer mode
[8] DAPL startup(): trying to open DAPL provider from I_MPI_DAPL_PROVIDER: ofa-v2-mlx4_0-1u
[11] DAPL startup(): trying to open DAPL provider from I_MPI_DAPL_PROVIDER: ofa-v2-mlx4_0-1u
[3] MPI startup(): DAPL provider ofa-v2-mlx4_0-1u
[3] MPI startup(): dapl data transfer mode
[8] MPI startup(): DAPL provider ofa-v2-mlx4_0-1u
[8] MPI startup(): dapl data transfer mode
[11] MPI startup(): DAPL provider ofa-v2-mlx4_0-1u
[11] MPI startup(): dapl data transfer mode
[12] DAPL startup(): trying to open DAPL provider from I_MPI_DAPL_PROVIDER: ofa-v2-mlx4_0-1u
[12] MPI startup(): DAPL provider ofa-v2-mlx4_0-1u
[15] DAPL startup(): trying to open DAPL provider from I_MPI_DAPL_PROVIDER: ofa-v2-mlx4_0-1u
[12] MPI startup(): dapl data transfer mode
[7] DAPL startup(): trying to open DAPL provider from I_MPI_DAPL_PROVIDER: ofa-v2-mlx4_0-1u
[13] DAPL startup(): trying to open DAPL provider from I_MPI_DAPL_PROVIDER: ofa-v2-mlx4_0-1u
[1] DAPL startup(): trying to open DAPL provider from I_MPI_DAPL_PROVIDER: ofa-v2-mlx4_0-1u
[15] MPI startup(): DAPL provider ofa-v2-mlx4_0-1u
[15] MPI startup(): dapl data transfer mode
[2] DAPL startup(): trying to open DAPL provider from I_MPI_DAPL_PROVIDER: ofa-v2-mlx4_0-1u
[7] MPI startup(): DAPL provider ofa-v2-mlx4_0-1u
[7] MPI startup(): dapl data transfer mode
[13] MPI startup(): DAPL provider ofa-v2-mlx4_0-1u
[1] MPI startup(): DAPL provider ofa-v2-mlx4_0-1u
[13] MPI startup(): dapl data transfer mode
[1] MPI startup(): dapl data transfer mode
[14] DAPL startup(): trying to open DAPL provider from I_MPI_DAPL_PROVIDER: ofa-v2-mlx4_0-1u
[2] MPI startup(): DAPL provider ofa-v2-mlx4_0-1u
[2] MPI startup(): dapl data transfer mode
[14] MPI startup(): DAPL provider ofa-v2-mlx4_0-1u
[14] MPI startup(): dapl data transfer mode
[4] DAPL startup(): trying to open DAPL provider from I_MPI_DAPL_PROVIDER: ofa-v2-mlx4_0-1u
[4] MPI startup(): DAPL provider ofa-v2-mlx4_0-1u
[4] MPI startup(): dapl data transfer mode
[5] MPID_nem_init_dapl_coll_fns(): User set DAPL collective mask = 0000
[5] MPID_nem_init_dapl_coll_fns(): Effective DAPL collective mask = 0000
[6] MPID_nem_init_dapl_coll_fns(): User set DAPL collective mask = 0000
[6] MPID_nem_init_dapl_coll_fns(): Effective DAPL collective mask = 0000
[3] MPID_nem_init_dapl_coll_fns(): User set DAPL collective mask = 0000
[3] MPID_nem_init_dapl_coll_fns(): Effective DAPL collective mask = 0000
[9] MPID_nem_init_dapl_coll_fns(): User set DAPL collective mask = 0000
[9] MPID_nem_init_dapl_coll_fns(): Effective DAPL collective mask = 0000
[7] MPID_nem_init_dapl_coll_fns(): User set DAPL collective mask = 0000
[7] MPID_nem_init_dapl_coll_fns(): Effective DAPL collective mask = 0000
[4] MPID_nem_init_dapl_coll_fns(): User set DAPL collective mask = 0000
[4] MPID_nem_init_dapl_coll_fns(): Effective DAPL collective mask = 0000
[11] MPID_nem_init_dapl_coll_fns(): User set DAPL collective mask = 0000
[11] MPID_nem_init_dapl_coll_fns(): Effective DAPL collective mask = 0000
[10] MPID_nem_init_dapl_coll_fns(): User set DAPL collective mask = 0000
[10] MPID_nem_init_dapl_coll_fns(): Effective DAPL collective mask = 0000
[12] MPID_nem_init_dapl_coll_fns(): User set DAPL collective mask = 0000
[12] MPID_nem_init_dapl_coll_fns(): Effective DAPL collective mask = 0000
[13] MPID_nem_init_dapl_coll_fns(): User set DAPL collective mask = 0000
[13] MPID_nem_init_dapl_coll_fns(): Effective DAPL collective mask = 0000
[1] MPID_nem_init_dapl_coll_fns(): User set DAPL collective mask = 0000
[1] MPID_nem_init_dapl_coll_fns(): Effective DAPL collective mask = 0000
[8] MPID_nem_init_dapl_coll_fns(): User set DAPL collective mask = 0000
[8] MPID_nem_init_dapl_coll_fns(): Effective DAPL collective mask = 0000
[14] MPID_nem_init_dapl_coll_fns(): User set DAPL collective mask = 0000
[14] MPID_nem_init_dapl_coll_fns(): Effective DAPL collective mask = 0000
[0] MPID_nem_init_dapl_coll_fns(): User set DAPL collective mask = 0000
[0] MPID_nem_init_dapl_coll_fns(): Effective DAPL collective mask = 0000
[15] MPID_nem_init_dapl_coll_fns(): User set DAPL collective mask = 0000
[15] MPID_nem_init_dapl_coll_fns(): Effective DAPL collective mask = 0000
[2] MPID_nem_init_dapl_coll_fns(): User set DAPL collective mask = 0000
[2] MPID_nem_init_dapl_coll_fns(): Effective DAPL collective mask = 0000
[0] MPI startup(): Rank    Pid      Node name  Pin cpu
[0] MPI startup(): 0       24922    c7125      +1
[0] MPI startup(): 1       3853     c7126      +1
[0] MPI startup(): 2       32495    c7127      +1
[0] MPI startup(): 3       24918    c7128      +1
[0] MPI startup(): 4       28160    c7129      +1
[0] MPI startup(): 5       16990    c7130      +1
[0] MPI startup(): 6       27669    c7131      +1
[0] MPI startup(): 7       31446    c7132      +1
[0] MPI startup(): 8       9831     c7133      +1
[0] MPI startup(): 9       19368    c7134      +1
[0] MPI startup(): 10      21812    c7135      +1
[0] MPI startup(): 11      17467    c7136      +1
[0] MPI startup(): 12      27943    c7137      +1
[0] MPI startup(): 13      27753    c7139      +1
[0] MPI startup(): 14      15614    c7141      +1
[0] MPI startup(): 15      15547    c7142      +1
[0] MPI startup(): I_MPI_DEBUG=5
Starting benchmark process

Tamaño del mensaje=1, Repeticiones=1000, Tiempo=   21.619797
Tamaño del mensaje=2, Repeticiones=1000, Tiempo=   19.199848
Tamaño del mensaje=4, Repeticiones=1000, Tiempo=   19.237995
Tamaño del mensaje=8, Repeticiones=1000, Tiempo=   19.400120
Tamaño del mensaje=16, Repeticiones=1000, Tiempo=   19.330978
Tamaño del mensaje=32, Repeticiones=1000, Tiempo=   30.641556
Tamaño del mensaje=64, Repeticiones=1000, Tiempo=   29.439926
Tamaño del mensaje=128, Repeticiones=1000, Tiempo=   30.059814
Tamaño del mensaje=256, Repeticiones=1000, Tiempo=   31.809807
Tamaño del mensaje=512, Repeticiones=1000, Tiempo=   33.018589
Tamaño del mensaje=1024, Repeticiones=1000, Tiempo=   37.050247
Tamaño del mensaje=2048, Repeticiones=1000, Tiempo=   45.077801
Tamaño del mensaje=4096, Repeticiones=1000, Tiempo=   55.088997
Tamaño del mensaje=8192, Repeticiones=512, Tiempo=   79.274178
Tamaño del mensaje=16384, Repeticiones=256, Tiempo=  103.283674
Tamaño del mensaje=32768, Repeticiones=128, Tiempo=  169.761479
Tamaño del mensaje=65536, Repeticiones=64, Tiempo=  484.511256
Tamaño del mensaje=131072, Repeticiones=32, Tiempo= 1188.442111
Tamaño del mensaje=262144, Repeticiones=16, Tiempo=27291.178703
Tamaño del mensaje=524288, Repeticiones=10, Tiempo=47217.130661
Tamaño del mensaje=1048576, Repeticiones=10, Tiempo=66311.836243
Tamaño del mensaje=2097152, Repeticiones=10, Tiempo=129972.934723
Tamaño del mensaje=4194304, Repeticiones=10, Tiempo=235805.034637
