[-1] MPI startup(): Imported environment partly inaccesible. Map=0 Info=b03ab0
[0] MPI startup(): Multi-threaded optimized library
[-1] MPI startup(): Imported environment partly inaccesible. Map=0 Info=2306ab0
[-1] MPI startup(): Imported environment partly inaccesible. Map=0 Info=15c6ab0
[-1] MPI startup(): Imported environment partly inaccesible. Map=0 Info=a91ab0
[0] DAPL startup(): trying to open DAPL provider from I_MPI_DAPL_PROVIDER: ofa-v2-mlx4_0-1u
[1] DAPL startup(): trying to open DAPL provider from I_MPI_DAPL_PROVIDER: ofa-v2-mlx4_0-1u
[0] MPI startup(): DAPL provider ofa-v2-mlx4_0-1u
[0] MPI startup(): dapl data transfer mode
[1] MPI startup(): DAPL provider ofa-v2-mlx4_0-1u
[1] MPI startup(): dapl data transfer mode
[3] DAPL startup(): trying to open DAPL provider from I_MPI_DAPL_PROVIDER: ofa-v2-mlx4_0-1u
[2] DAPL startup(): trying to open DAPL provider from I_MPI_DAPL_PROVIDER: ofa-v2-mlx4_0-1u
[3] MPI startup(): DAPL provider ofa-v2-mlx4_0-1u
[3] MPI startup(): dapl data transfer mode
[2] MPI startup(): DAPL provider ofa-v2-mlx4_0-1u
[2] MPI startup(): dapl data transfer mode
[1] MPID_nem_init_dapl_coll_fns(): User set DAPL collective mask = 0000
[1] MPID_nem_init_dapl_coll_fns(): Effective DAPL collective mask = 0000
[2] MPID_nem_init_dapl_coll_fns(): User set DAPL collective mask = 0000
[2] MPID_nem_init_dapl_coll_fns(): Effective DAPL collective mask = 0000
[3] MPID_nem_init_dapl_coll_fns(): User set DAPL collective mask = 0000
[3] MPID_nem_init_dapl_coll_fns(): Effective DAPL collective mask = 0000
[0] MPID_nem_init_dapl_coll_fns(): User set DAPL collective mask = 0000
[0] MPID_nem_init_dapl_coll_fns(): Effective DAPL collective mask = 0000
[0] MPI startup(): Rank    Pid      Node name  Pin cpu
[0] MPI startup(): 0       22223    c7050      +1
[0] MPI startup(): 1       5436     c7052      +1
[0] MPI startup(): 2       29372    c7053      +1
[0] MPI startup(): 3       9168     c7054      +1
[0] MPI startup(): I_MPI_DEBUG=5
Starting benchmark process

Tamaño del mensaje=1, Repeticiones=1000, Tiempo=   10.449886
Tamaño del mensaje=2, Repeticiones=1000, Tiempo=    8.809566
Tamaño del mensaje=4, Repeticiones=1000, Tiempo=    8.959770
Tamaño del mensaje=8, Repeticiones=1000, Tiempo=   10.051727
Tamaño del mensaje=16, Repeticiones=1000, Tiempo=   10.089874
Tamaño del mensaje=32, Repeticiones=1000, Tiempo=   11.739731
Tamaño del mensaje=64, Repeticiones=1000, Tiempo=   13.170242
Tamaño del mensaje=128, Repeticiones=1000, Tiempo=   13.341904
Tamaño del mensaje=256, Repeticiones=1000, Tiempo=   14.929771
Tamaño del mensaje=512, Repeticiones=1000, Tiempo=   17.938614
Tamaño del mensaje=1024, Repeticiones=1000, Tiempo=   23.491383
Tamaño del mensaje=2048, Repeticiones=1000, Tiempo=   33.099651
Tamaño del mensaje=4096, Repeticiones=1000, Tiempo=   69.980621
Tamaño del mensaje=8192, Repeticiones=512, Tiempo=  133.770518
Tamaño del mensaje=16384, Repeticiones=256, Tiempo=  242.814422
Tamaño del mensaje=32768, Repeticiones=128, Tiempo=  481.251627
Tamaño del mensaje=65536, Repeticiones=64, Tiempo=  960.789621
Tamaño del mensaje=131072, Repeticiones=32, Tiempo= 1884.996891
Tamaño del mensaje=262144, Repeticiones=16, Tiempo= 3805.011511
Tamaño del mensaje=524288, Repeticiones=10, Tiempo= 7500.886917
Tamaño del mensaje=1048576, Repeticiones=10, Tiempo=14403.820038
Tamaño del mensaje=2097152, Repeticiones=10, Tiempo=27360.200882
Tamaño del mensaje=4194304, Repeticiones=10, Tiempo=56058.168411
