[-1] MPI startup(): Imported environment partly inaccesible. Map=0 Info=1662ab0
[0] MPI startup(): Multi-threaded optimized library
[-1] MPI startup(): Imported environment partly inaccesible. Map=0 Info=1983ab0
[-1] MPI startup(): Imported environment partly inaccesible. Map=0 Info=1b37ab0
[-1] MPI startup(): Imported environment partly inaccesible. Map=0 Info=73dab0
[-1] MPI startup(): Imported environment partly inaccesible. Map=0 Info=1bdfab0
[-1] MPI startup(): Imported environment partly inaccesible. Map=0 Info=711ab0
[-1] MPI startup(): Imported environment partly inaccesible. Map=0 Info=ebfab0
[-1] MPI startup(): Imported environment partly inaccesible. Map=0 Info=210fab0
[-1] MPI startup(): Imported environment partly inaccesible. Map=0 Info=b8eab0
[-1] MPI startup(): Imported environment partly inaccesible. Map=0 Info=74eab0
[-1] MPI startup(): Imported environment partly inaccesible. Map=0 Info=2515ab0
[-1] MPI startup(): Imported environment partly inaccesible. Map=0 Info=103cab0
[-1] MPI startup(): Imported environment partly inaccesible. Map=0 Info=2335ab0
[-1] MPI startup(): Imported environment partly inaccesible. Map=0 Info=25c2ab0
[-1] MPI startup(): Imported environment partly inaccesible. Map=0 Info=11ceab0
[-1] MPI startup(): Imported environment partly inaccesible. Map=0 Info=1927ab0
[12] DAPL startup(): trying to open DAPL provider from I_MPI_DAPL_PROVIDER: ofa-v2-mlx4_0-1u
[6] DAPL startup(): trying to open DAPL provider from I_MPI_DAPL_PROVIDER: ofa-v2-mlx4_0-1u
[13] DAPL startup(): trying to open DAPL provider from I_MPI_DAPL_PROVIDER: ofa-v2-mlx4_0-1u
[12] MPI startup(): DAPL provider ofa-v2-mlx4_0-1u
[12] MPI startup(): dapl data transfer mode
[6] MPI startup(): DAPL provider ofa-v2-mlx4_0-1u
[6] MPI startup(): dapl data transfer mode
[3] DAPL startup(): trying to open DAPL provider from I_MPI_DAPL_PROVIDER: ofa-v2-mlx4_0-1u
[13] MPI startup(): DAPL provider ofa-v2-mlx4_0-1u
[13] MPI startup(): dapl data transfer mode
[3] MPI startup(): DAPL provider ofa-v2-mlx4_0-1u
[3] MPI startup(): dapl data transfer mode
[10] DAPL startup(): trying to open DAPL provider from I_MPI_DAPL_PROVIDER: ofa-v2-mlx4_0-1u
[11] DAPL startup(): trying to open DAPL provider from I_MPI_DAPL_PROVIDER: ofa-v2-mlx4_0-1u
[9] DAPL startup(): trying to open DAPL provider from I_MPI_DAPL_PROVIDER: ofa-v2-mlx4_0-1u
[14] DAPL startup(): trying to open DAPL provider from I_MPI_DAPL_PROVIDER: ofa-v2-mlx4_0-1u
[10] MPI startup(): DAPL provider ofa-v2-mlx4_0-1u
[10] MPI startup(): dapl data transfer mode
[11] MPI startup(): DAPL provider ofa-v2-mlx4_0-1u
[11] MPI startup(): dapl data transfer mode
[9] MPI startup(): DAPL provider ofa-v2-mlx4_0-1u
[9] MPI startup(): dapl data transfer mode
[14] MPI startup(): DAPL provider ofa-v2-mlx4_0-1u
[14] MPI startup(): dapl data transfer mode
[0] DAPL startup(): trying to open DAPL provider from I_MPI_DAPL_PROVIDER: ofa-v2-mlx4_0-1u
[5] DAPL startup(): trying to open DAPL provider from I_MPI_DAPL_PROVIDER: ofa-v2-mlx4_0-1u
[15] DAPL startup(): trying to open DAPL provider from I_MPI_DAPL_PROVIDER: ofa-v2-mlx4_0-1u
[1] DAPL startup(): trying to open DAPL provider from I_MPI_DAPL_PROVIDER: ofa-v2-mlx4_0-1u
[2] DAPL startup(): trying to open DAPL provider from I_MPI_DAPL_PROVIDER: ofa-v2-mlx4_0-1u
[7] DAPL startup(): trying to open DAPL provider from I_MPI_DAPL_PROVIDER: ofa-v2-mlx4_0-1u
[0] MPI startup(): DAPL provider ofa-v2-mlx4_0-1u
[0] MPI startup(): dapl data transfer mode
[5] MPI startup(): DAPL provider ofa-v2-mlx4_0-1u
[5] MPI startup(): dapl data transfer mode
[15] MPI startup(): DAPL provider ofa-v2-mlx4_0-1u
[15] MPI startup(): dapl data transfer mode
[1] MPI startup(): DAPL provider ofa-v2-mlx4_0-1u
[1] MPI startup(): dapl data transfer mode
[2] MPI startup(): DAPL provider ofa-v2-mlx4_0-1u
[2] MPI startup(): dapl data transfer mode
[8] DAPL startup(): trying to open DAPL provider from I_MPI_DAPL_PROVIDER: ofa-v2-mlx4_0-1u
[7] MPI startup(): DAPL provider ofa-v2-mlx4_0-1u
[7] MPI startup(): dapl data transfer mode
[4] DAPL startup(): trying to open DAPL provider from I_MPI_DAPL_PROVIDER: ofa-v2-mlx4_0-1u
[8] MPI startup(): DAPL provider ofa-v2-mlx4_0-1u
[8] MPI startup(): dapl data transfer mode
[4] MPI startup(): DAPL provider ofa-v2-mlx4_0-1u
[4] MPI startup(): dapl data transfer mode
[5] MPID_nem_init_dapl_coll_fns(): User set DAPL collective mask = 0000
[5] MPID_nem_init_dapl_coll_fns(): Effective DAPL collective mask = 0000
[7] MPID_nem_init_dapl_coll_fns(): User set DAPL collective mask = 0000
[7] MPID_nem_init_dapl_coll_fns(): Effective DAPL collective mask = 0000
[4] MPID_nem_init_dapl_coll_fns(): User set DAPL collective mask = 0000
[4] MPID_nem_init_dapl_coll_fns(): Effective DAPL collective mask = 0000
[8] MPID_nem_init_dapl_coll_fns(): User set DAPL collective mask = 0000
[8] MPID_nem_init_dapl_coll_fns(): Effective DAPL collective mask = 0000
[3] MPID_nem_init_dapl_coll_fns(): User set DAPL collective mask = 0000
[3] MPID_nem_init_dapl_coll_fns(): Effective DAPL collective mask = 0000
[6] MPID_nem_init_dapl_coll_fns(): User set DAPL collective mask = 0000
[6] MPID_nem_init_dapl_coll_fns(): Effective DAPL collective mask = 0000
[9] MPID_nem_init_dapl_coll_fns(): User set DAPL collective mask = 0000
[9] MPID_nem_init_dapl_coll_fns(): Effective DAPL collective mask = 0000
[2] MPID_nem_init_dapl_coll_fns(): User set DAPL collective mask = 0000
[2] MPID_nem_init_dapl_coll_fns(): Effective DAPL collective mask = 0000
[10] MPID_nem_init_dapl_coll_fns(): User set DAPL collective mask = 0000
[10] MPID_nem_init_dapl_coll_fns(): Effective DAPL collective mask = 0000
[11] MPID_nem_init_dapl_coll_fns(): User set DAPL collective mask = 0000
[11] MPID_nem_init_dapl_coll_fns(): Effective DAPL collective mask = 0000
[12] MPID_nem_init_dapl_coll_fns(): User set DAPL collective mask = 0000
[12] MPID_nem_init_dapl_coll_fns(): Effective DAPL collective mask = 0000
[13] MPID_nem_init_dapl_coll_fns(): User set DAPL collective mask = 0000
[13] MPID_nem_init_dapl_coll_fns(): Effective DAPL collective mask = 0000
[14] MPID_nem_init_dapl_coll_fns(): User set DAPL collective mask = 0000
[14] MPID_nem_init_dapl_coll_fns(): Effective DAPL collective mask = 0000
[1] MPID_nem_init_dapl_coll_fns(): User set DAPL collective mask = 0000
[1] MPID_nem_init_dapl_coll_fns(): Effective DAPL collective mask = 0000
[0] MPID_nem_init_dapl_coll_fns(): User set DAPL collective mask = 0000
[0] MPID_nem_init_dapl_coll_fns(): Effective DAPL collective mask = 0000
[15] MPID_nem_init_dapl_coll_fns(): User set DAPL collective mask = 0000
[15] MPID_nem_init_dapl_coll_fns(): Effective DAPL collective mask = 0000
[0] MPI startup(): Rank    Pid      Node name  Pin cpu
[0] MPI startup(): 0       24045    c7125      +1
[0] MPI startup(): 1       3331     c7126      +1
[0] MPI startup(): 2       32058    c7127      +1
[0] MPI startup(): 3       24391    c7128      +1
[0] MPI startup(): 4       27718    c7129      +1
[0] MPI startup(): 5       16517    c7130      +1
[0] MPI startup(): 6       27234    c7131      +1
[0] MPI startup(): 7       30973    c7132      +1
[0] MPI startup(): 8       9566     c7133      +1
[0] MPI startup(): 9       19092    c7134      +1
[0] MPI startup(): 10      21550    c7135      +1
[0] MPI startup(): 11      17201    c7136      +1
[0] MPI startup(): 12      27679    c7137      +1
[0] MPI startup(): 13      27476    c7139      +1
[0] MPI startup(): 14      15350    c7141      +1
[0] MPI startup(): 15      15281    c7142      +1
[0] MPI startup(): I_MPI_DEBUG=5
Starting benchmark process

Tamaño del mensaje=1, Repeticiones=1000, Tiempo=   25.069714
Tamaño del mensaje=2, Repeticiones=1000, Tiempo=   21.350384
Tamaño del mensaje=4, Repeticiones=1000, Tiempo=   19.810200
Tamaño del mensaje=8, Repeticiones=1000, Tiempo=   20.070076
Tamaño del mensaje=16, Repeticiones=1000, Tiempo=   19.578934
Tamaño del mensaje=32, Repeticiones=1000, Tiempo=   32.019615
Tamaño del mensaje=64, Repeticiones=1000, Tiempo=   30.159950
Tamaño del mensaje=128, Repeticiones=1000, Tiempo=   30.670166
Tamaño del mensaje=256, Repeticiones=1000, Tiempo=   32.269955
Tamaño del mensaje=512, Repeticiones=1000, Tiempo=   33.988953
Tamaño del mensaje=1024, Repeticiones=1000, Tiempo=   38.518906
Tamaño del mensaje=2048, Repeticiones=1000, Tiempo=   43.981075
Tamaño del mensaje=4096, Repeticiones=1000, Tiempo=   53.579807
Tamaño del mensaje=8192, Repeticiones=512, Tiempo=   71.171671
Tamaño del mensaje=16384, Repeticiones=256, Tiempo=   91.828406
Tamaño del mensaje=32768, Repeticiones=128, Tiempo=  143.516809
Tamaño del mensaje=65536, Repeticiones=64, Tiempo=  339.858234
Tamaño del mensaje=131072, Repeticiones=32, Tiempo=  834.017992
Tamaño del mensaje=262144, Repeticiones=16, Tiempo= 4980.713129
Tamaño del mensaje=524288, Repeticiones=10, Tiempo= 9552.955627
Tamaño del mensaje=1048576, Repeticiones=10, Tiempo=18213.033676
Tamaño del mensaje=2097152, Repeticiones=10, Tiempo=41610.002518
Tamaño del mensaje=4194304, Repeticiones=10, Tiempo=68741.083145
