[-1] MPI startup(): Imported environment partly inaccesible. Map=0 Info=238cab0
[0] MPI startup(): Multi-threaded optimized library
[-1] MPI startup(): Imported environment partly inaccesible. Map=0 Info=691ab0
[-1] MPI startup(): Imported environment partly inaccesible. Map=0 Info=22a5ab0
[-1] MPI startup(): Imported environment partly inaccesible. Map=0 Info=225eab0
[-1] MPI startup(): Imported environment partly inaccesible. Map=0 Info=109dab0
[-1] MPI startup(): Imported environment partly inaccesible. Map=0 Info=c25ab0
[-1] MPI startup(): Imported environment partly inaccesible. Map=0 Info=6b6ab0
[-1] MPI startup(): Imported environment partly inaccesible. Map=0 Info=1ad7ab0
[5] DAPL startup(): trying to open DAPL provider from I_MPI_DAPL_PROVIDER: ofa-v2-mlx4_0-1u
[0] DAPL startup(): trying to open DAPL provider from I_MPI_DAPL_PROVIDER: ofa-v2-mlx4_0-1u
[5] MPI startup(): DAPL provider ofa-v2-mlx4_0-1u
[5] MPI startup(): dapl data transfer mode
[0] MPI startup(): DAPL provider ofa-v2-mlx4_0-1u
[0] MPI startup(): dapl data transfer mode
[6] DAPL startup(): trying to open DAPL provider from I_MPI_DAPL_PROVIDER: ofa-v2-mlx4_0-1u
[6] MPI startup(): DAPL provider ofa-v2-mlx4_0-1u
[6] MPI startup(): dapl data transfer mode
[2] DAPL startup(): trying to open DAPL provider from I_MPI_DAPL_PROVIDER: ofa-v2-mlx4_0-1u
[3] DAPL startup(): trying to open DAPL provider from I_MPI_DAPL_PROVIDER: ofa-v2-mlx4_0-1u
[7] DAPL startup(): trying to open DAPL provider from I_MPI_DAPL_PROVIDER: ofa-v2-mlx4_0-1u
[4] DAPL startup(): trying to open DAPL provider from I_MPI_DAPL_PROVIDER: ofa-v2-mlx4_0-1u
[1] DAPL startup(): trying to open DAPL provider from I_MPI_DAPL_PROVIDER: ofa-v2-mlx4_0-1u
[2] MPI startup(): DAPL provider ofa-v2-mlx4_0-1u
[2] MPI startup(): dapl data transfer mode
[3] MPI startup(): DAPL provider ofa-v2-mlx4_0-1u
[3] MPI startup(): dapl data transfer mode
[7] MPI startup(): DAPL provider ofa-v2-mlx4_0-1u
[7] MPI startup(): dapl data transfer mode
[4] MPI startup(): DAPL provider ofa-v2-mlx4_0-1u
[4] MPI startup(): dapl data transfer mode
[1] MPI startup(): DAPL provider ofa-v2-mlx4_0-1u
[1] MPI startup(): dapl data transfer mode
[1] MPID_nem_init_dapl_coll_fns(): User set DAPL collective mask = 0000
[1] MPID_nem_init_dapl_coll_fns(): Effective DAPL collective mask = 0000
[3] MPID_nem_init_dapl_coll_fns(): User set DAPL collective mask = 0000
[3] MPID_nem_init_dapl_coll_fns(): Effective DAPL collective mask = 0000
[5] MPID_nem_init_dapl_coll_fns(): User set DAPL collective mask = 0000
[5] MPID_nem_init_dapl_coll_fns(): Effective DAPL collective mask = 0000
[2] MPID_nem_init_dapl_coll_fns(): User set DAPL collective mask = 0000
[2] MPID_nem_init_dapl_coll_fns(): Effective DAPL collective mask = 0000
[4] MPID_nem_init_dapl_coll_fns(): User set DAPL collective mask = 0000
[4] MPID_nem_init_dapl_coll_fns(): Effective DAPL collective mask = 0000
[6] MPID_nem_init_dapl_coll_fns(): User set DAPL collective mask = 0000
[6] MPID_nem_init_dapl_coll_fns(): Effective DAPL collective mask = 0000
[7] MPID_nem_init_dapl_coll_fns(): User set DAPL collective mask = 0000
[7] MPID_nem_init_dapl_coll_fns(): Effective DAPL collective mask = 0000
[0] MPID_nem_init_dapl_coll_fns(): User set DAPL collective mask = 0000
[0] MPID_nem_init_dapl_coll_fns(): Effective DAPL collective mask = 0000
[0] MPI startup(): Rank    Pid      Node name  Pin cpu
[0] MPI startup(): 0       2213     c6637      +1
[0] MPI startup(): 1       30632    c6638      +1
[0] MPI startup(): 2       11046    c6639      +1
[0] MPI startup(): 3       28810    c6640      +1
[0] MPI startup(): 4       21607    c6642      +1
[0] MPI startup(): 5       10872    c6643      +1
[0] MPI startup(): 6       25841    c6644      +1
[0] MPI startup(): 7       594      c6645      +1
[0] MPI startup(): I_MPI_DEBUG=5
Starting benchmark process

Tamaño del mensaje=1, Repeticiones=1000, Tiempo=   16.660690
Tamaño del mensaje=2, Repeticiones=1000, Tiempo=   16.441345
Tamaño del mensaje=4, Repeticiones=1000, Tiempo=   16.338825
Tamaño del mensaje=8, Repeticiones=1000, Tiempo=   16.541481
Tamaño del mensaje=16, Repeticiones=1000, Tiempo=   16.438961
Tamaño del mensaje=32, Repeticiones=1000, Tiempo=   26.719570
Tamaño del mensaje=64, Repeticiones=1000, Tiempo=   26.328564
Tamaño del mensaje=128, Repeticiones=1000, Tiempo=   26.981831
Tamaño del mensaje=256, Repeticiones=1000, Tiempo=   28.450489
Tamaño del mensaje=512, Repeticiones=1000, Tiempo=   29.749870
Tamaño del mensaje=1024, Repeticiones=1000, Tiempo=   33.102036
Tamaño del mensaje=2048, Repeticiones=1000, Tiempo=   39.761066
Tamaño del mensaje=4096, Repeticiones=1000, Tiempo=   46.889782
Tamaño del mensaje=8192, Repeticiones=512, Tiempo=   60.605817
Tamaño del mensaje=16384, Repeticiones=256, Tiempo=   77.886507
Tamaño del mensaje=32768, Repeticiones=128, Tiempo=  125.095248
Tamaño del mensaje=65536, Repeticiones=64, Tiempo=  519.379973
Tamaño del mensaje=131072, Repeticiones=32, Tiempo=  853.389502
Tamaño del mensaje=262144, Repeticiones=16, Tiempo= 3410.577774
Tamaño del mensaje=524288, Repeticiones=10, Tiempo= 6308.078766
Tamaño del mensaje=1048576, Repeticiones=10, Tiempo=12238.979340
Tamaño del mensaje=2097152, Repeticiones=10, Tiempo=23361.921310
Tamaño del mensaje=4194304, Repeticiones=10, Tiempo=47391.891479
