[-1] MPI startup(): Imported environment partly inaccesible. Map=0 Info=d20ab0
[0] MPI startup(): Multi-threaded optimized library
[-1] MPI startup(): Imported environment partly inaccesible. Map=0 Info=9eeab0
[-1] MPI startup(): Imported environment partly inaccesible. Map=0 Info=f42ab0
[-1] MPI startup(): Imported environment partly inaccesible. Map=0 Info=18edab0
[-1] MPI startup(): Imported environment partly inaccesible. Map=0 Info=20a1ab0
[-1] MPI startup(): Imported environment partly inaccesible. Map=0 Info=1c01ab0
[-1] MPI startup(): Imported environment partly inaccesible. Map=0 Info=10a4ab0
[-1] MPI startup(): Imported environment partly inaccesible. Map=0 Info=1e0bab0
[6] DAPL startup(): trying to open DAPL provider from I_MPI_DAPL_PROVIDER: ofa-v2-mlx4_0-1u
[6] MPI startup(): DAPL provider ofa-v2-mlx4_0-1u
[6] MPI startup(): dapl data transfer mode
[0] DAPL startup(): trying to open DAPL provider from I_MPI_DAPL_PROVIDER: ofa-v2-mlx4_0-1u
[0] MPI startup(): DAPL provider ofa-v2-mlx4_0-1u
[0] MPI startup(): dapl data transfer mode
[2] DAPL startup(): trying to open DAPL provider from I_MPI_DAPL_PROVIDER: ofa-v2-mlx4_0-1u
[2] MPI startup(): DAPL provider ofa-v2-mlx4_0-1u
[2] MPI startup(): dapl data transfer mode
[7] DAPL startup(): trying to open DAPL provider from I_MPI_DAPL_PROVIDER: ofa-v2-mlx4_0-1u
[7] MPI startup(): DAPL provider ofa-v2-mlx4_0-1u
[7] MPI startup(): dapl data transfer mode
[1] DAPL startup(): trying to open DAPL provider from I_MPI_DAPL_PROVIDER: ofa-v2-mlx4_0-1u
[3] DAPL startup(): trying to open DAPL provider from I_MPI_DAPL_PROVIDER: ofa-v2-mlx4_0-1u
[4] DAPL startup(): trying to open DAPL provider from I_MPI_DAPL_PROVIDER: ofa-v2-mlx4_0-1u
[5] DAPL startup(): trying to open DAPL provider from I_MPI_DAPL_PROVIDER: ofa-v2-mlx4_0-1u
[1] MPI startup(): DAPL provider ofa-v2-mlx4_0-1u
[1] MPI startup(): dapl data transfer mode
[3] MPI startup(): DAPL provider ofa-v2-mlx4_0-1u
[3] MPI startup(): dapl data transfer mode
[4] MPI startup(): DAPL provider ofa-v2-mlx4_0-1u
[4] MPI startup(): dapl data transfer mode
[5] MPI startup(): DAPL provider ofa-v2-mlx4_0-1u
[5] MPI startup(): dapl data transfer mode
[4] MPID_nem_init_dapl_coll_fns(): User set DAPL collective mask = 0000
[4] MPID_nem_init_dapl_coll_fns(): Effective DAPL collective mask = 0000
[2] MPID_nem_init_dapl_coll_fns(): User set DAPL collective mask = 0000
[2] MPID_nem_init_dapl_coll_fns(): Effective DAPL collective mask = 0000
[3] MPID_nem_init_dapl_coll_fns(): User set DAPL collective mask = 0000
[3] MPID_nem_init_dapl_coll_fns(): Effective DAPL collective mask = 0000
[5] MPID_nem_init_dapl_coll_fns(): User set DAPL collective mask = 0000
[5] MPID_nem_init_dapl_coll_fns(): Effective DAPL collective mask = 0000
[1] MPID_nem_init_dapl_coll_fns(): User set DAPL collective mask = 0000
[1] MPID_nem_init_dapl_coll_fns(): Effective DAPL collective mask = 0000
[6] MPID_nem_init_dapl_coll_fns(): User set DAPL collective mask = 0000
[6] MPID_nem_init_dapl_coll_fns(): Effective DAPL collective mask = 0000
[0] MPID_nem_init_dapl_coll_fns(): User set DAPL collective mask = 0000
[0] MPID_nem_init_dapl_coll_fns(): Effective DAPL collective mask = 0000
[7] MPID_nem_init_dapl_coll_fns(): User set DAPL collective mask = 0000
[7] MPID_nem_init_dapl_coll_fns(): Effective DAPL collective mask = 0000
[0] MPI startup(): Rank    Pid      Node name  Pin cpu
[0] MPI startup(): 0       1710     c6642      +1
[0] MPI startup(): 1       28229    c6948      +1
[0] MPI startup(): 2       9360     c7012      +1
[0] MPI startup(): 3       9110     c7013      +1
[0] MPI startup(): 4       29049    c7244      +1
[0] MPI startup(): 5       27997    c7245      +1
[0] MPI startup(): 6       5828     c7248      +1
[0] MPI startup(): 7       18196    c7249      +1
[0] MPI startup(): I_MPI_DEBUG=5
[-1] MPI startup(): Imported environment partly inaccesible. Map=0 Info=1968ab0
[-1] MPI startup(): Imported environment partly inaccesible. Map=0 Info=1c10ab0
[0] MPI startup(): Multi-threaded optimized library
[-1] MPI startup(): Imported environment partly inaccesible. Map=0 Info=7d8ab0
[-1] MPI startup(): Imported environment partly inaccesible. Map=0 Info=aa6ab0
[-1] MPI startup(): Imported environment partly inaccesible. Map=0 Info=2338ab0
[-1] MPI startup(): Imported environment partly inaccesible. Map=0 Info=18adab0
[-1] MPI startup(): Imported environment partly inaccesible. Map=0 Info=1a77ab0
[-1] MPI startup(): Imported environment partly inaccesible. Map=0 Info=c98ab0
[0] DAPL startup(): trying to open DAPL provider from I_MPI_DAPL_PROVIDER: ofa-v2-mlx4_0-1u
[1] DAPL startup(): trying to open DAPL provider from I_MPI_DAPL_PROVIDER: ofa-v2-mlx4_0-1u
[3] DAPL startup(): trying to open DAPL provider from I_MPI_DAPL_PROVIDER: ofa-v2-mlx4_0-1u
[5] DAPL startup(): trying to open DAPL provider from I_MPI_DAPL_PROVIDER: ofa-v2-mlx4_0-1u
[2] DAPL startup(): trying to open DAPL provider from I_MPI_DAPL_PROVIDER: ofa-v2-mlx4_0-1u
[4] DAPL startup(): trying to open DAPL provider from I_MPI_DAPL_PROVIDER: ofa-v2-mlx4_0-1u
[6] DAPL startup(): trying to open DAPL provider from I_MPI_DAPL_PROVIDER: ofa-v2-mlx4_0-1u
[7] DAPL startup(): trying to open DAPL provider from I_MPI_DAPL_PROVIDER: ofa-v2-mlx4_0-1u
[0] MPI startup(): DAPL provider ofa-v2-mlx4_0-1u
[0] MPI startup(): dapl data transfer mode
[4] MPI startup(): DAPL provider ofa-v2-mlx4_0-1u
[1] MPI startup(): DAPL provider ofa-v2-mlx4_0-1u
[4] MPI startup(): dapl data transfer mode
[1] MPI startup(): dapl data transfer mode
[2] MPI startup(): DAPL provider ofa-v2-mlx4_0-1u
[2] MPI startup(): dapl data transfer mode
[5] MPI startup(): DAPL provider ofa-v2-mlx4_0-1u
[5] MPI startup(): dapl data transfer mode
[3] MPI startup(): DAPL provider ofa-v2-mlx4_0-1u
[3] MPI startup(): dapl data transfer mode
[7] MPI startup(): DAPL provider ofa-v2-mlx4_0-1u
[7] MPI startup(): dapl data transfer mode
[6] MPI startup(): DAPL provider ofa-v2-mlx4_0-1u
[6] MPI startup(): dapl data transfer mode
[2] MPID_nem_init_dapl_coll_fns(): User set DAPL collective mask = 0000
[2] MPID_nem_init_dapl_coll_fns(): Effective DAPL collective mask = 0000
[4] MPID_nem_init_dapl_coll_fns(): User set DAPL collective mask = 0000
[4] MPID_nem_init_dapl_coll_fns(): Effective DAPL collective mask = 0000
[5] MPID_nem_init_dapl_coll_fns(): User set DAPL collective mask = 0000
[5] MPID_nem_init_dapl_coll_fns(): Effective DAPL collective mask = 0000
[3] MPID_nem_init_dapl_coll_fns(): User set DAPL collective mask = 0000
[3] MPID_nem_init_dapl_coll_fns(): Effective DAPL collective mask = 0000
[6] MPID_nem_init_dapl_coll_fns(): User set DAPL collective mask = 0000
[6] MPID_nem_init_dapl_coll_fns(): Effective DAPL collective mask = 0000
[1] MPID_nem_init_dapl_coll_fns(): User set DAPL collective mask = 0000
[1] MPID_nem_init_dapl_coll_fns(): Effective DAPL collective mask = 0000
[0] MPID_nem_init_dapl_coll_fns(): User set DAPL collective mask = 0000
[0] MPID_nem_init_dapl_coll_fns(): Effective DAPL collective mask = 0000
[7] MPID_nem_init_dapl_coll_fns(): User set DAPL collective mask = 0000
[7] MPID_nem_init_dapl_coll_fns(): Effective DAPL collective mask = 0000
[0] MPI startup(): Rank    Pid      Node name  Pin cpu
[0] MPI startup(): 0       1885     c6642      +1
[0] MPI startup(): 1       28393    c6948      +1
[0] MPI startup(): 2       9518     c7012      +1
[0] MPI startup(): 3       9270     c7013      +1
[0] MPI startup(): 4       29209    c7244      +1
[0] MPI startup(): 5       28155    c7245      +1
[0] MPI startup(): 6       5990     c7248      +1
[0] MPI startup(): 7       18320    c7249      +1
[0] MPI startup(): I_MPI_DEBUG=5
[-1] MPI startup(): Imported environment partly inaccesible. Map=0 Info=2443ab0
[-1] MPI startup(): Imported environment partly inaccesible. Map=0 Info=9d3ab0
[-1] MPI startup(): Imported environment partly inaccesible. Map=0 Info=1e1dab0
[-1] MPI startup(): Imported environment partly inaccesible. Map=0 Info=1039ab0
[-1] MPI startup(): Imported environment partly inaccesible. Map=0 Info=25a0ab0
[-1] MPI startup(): Imported environment partly inaccesible. Map=0 Info=97dab0
[-1] MPI startup(): Imported environment partly inaccesible. Map=0 Info=21eeab0
[-1] MPI startup(): Imported environment partly inaccesible. Map=0 Info=756ab0
[1] DAPL startup(): trying to open DAPL provider from I_MPI_DAPL_PROVIDER: ofa-v2-mlx4_0-1u
[3] DAPL startup(): trying to open DAPL provider from I_MPI_DAPL_PROVIDER: ofa-v2-mlx4_0-1u
[2] DAPL startup(): trying to open DAPL provider from I_MPI_DAPL_PROVIDER: ofa-v2-mlx4_0-1u
[0] MPI startup(): Multi-threaded optimized library
[4] DAPL startup(): trying to open DAPL provider from I_MPI_DAPL_PROVIDER: ofa-v2-mlx4_0-1u
[5] DAPL startup(): trying to open DAPL provider from I_MPI_DAPL_PROVIDER: ofa-v2-mlx4_0-1u
[0] DAPL startup(): trying to open DAPL provider from I_MPI_DAPL_PROVIDER: ofa-v2-mlx4_0-1u
[7] DAPL startup(): trying to open DAPL provider from I_MPI_DAPL_PROVIDER: ofa-v2-mlx4_0-1u
[6] DAPL startup(): trying to open DAPL provider from I_MPI_DAPL_PROVIDER: ofa-v2-mlx4_0-1u
[1] MPI startup(): DAPL provider ofa-v2-mlx4_0-1u
[1] MPI startup(): dapl data transfer mode
[0] MPI startup(): DAPL provider ofa-v2-mlx4_0-1u
[0] MPI startup(): dapl data transfer mode
[4] MPI startup(): DAPL provider ofa-v2-mlx4_0-1u
[7] MPI startup(): DAPL provider ofa-v2-mlx4_0-1u
[4] MPI startup(): dapl data transfer mode
[7] MPI startup(): dapl data transfer mode
[5] MPI startup(): DAPL provider ofa-v2-mlx4_0-1u
[5] MPI startup(): dapl data transfer mode
[2] MPI startup(): DAPL provider ofa-v2-mlx4_0-1u
[6] MPI startup(): DAPL provider ofa-v2-mlx4_0-1u
[2] MPI startup(): dapl data transfer mode
[6] MPI startup(): dapl data transfer mode
[3] MPI startup(): DAPL provider ofa-v2-mlx4_0-1u
[3] MPI startup(): dapl data transfer mode
[4] MPID_nem_init_dapl_coll_fns(): User set DAPL collective mask = 0000
[4] MPID_nem_init_dapl_coll_fns(): Effective DAPL collective mask = 0000
[2] MPID_nem_init_dapl_coll_fns(): User set DAPL collective mask = 0000
[2] MPID_nem_init_dapl_coll_fns(): Effective DAPL collective mask = 0000
[5] MPID_nem_init_dapl_coll_fns(): User set DAPL collective mask = 0000
[5] MPID_nem_init_dapl_coll_fns(): Effective DAPL collective mask = 0000
[3] MPID_nem_init_dapl_coll_fns(): User set DAPL collective mask = 0000
[3] MPID_nem_init_dapl_coll_fns(): Effective DAPL collective mask = 0000
[7] MPID_nem_init_dapl_coll_fns(): User set DAPL collective mask = 0000
[7] MPID_nem_init_dapl_coll_fns(): Effective DAPL collective mask = 0000
[1] MPID_nem_init_dapl_coll_fns(): User set DAPL collective mask = 0000
[1] MPID_nem_init_dapl_coll_fns(): Effective DAPL collective mask = 0000
[6] MPID_nem_init_dapl_coll_fns(): User set DAPL collective mask = 0000
[6] MPID_nem_init_dapl_coll_fns(): Effective DAPL collective mask = 0000
[0] MPID_nem_init_dapl_coll_fns(): User set DAPL collective mask = 0000
[0] MPID_nem_init_dapl_coll_fns(): Effective DAPL collective mask = 0000
[0] MPI startup(): Rank    Pid      Node name  Pin cpu
[0] MPI startup(): 0       2062     c6642      +1
[0] MPI startup(): 1       28560    c6948      +1
[0] MPI startup(): 2       9704     c7012      +1
[0] MPI startup(): 3       9443     c7013      +1
[0] MPI startup(): 4       29386    c7244      +1
[0] MPI startup(): 5       28332    c7245      +1
[0] MPI startup(): 6       6169     c7248      +1
[0] MPI startup(): 7       18486    c7249      +1
[0] MPI startup(): I_MPI_DEBUG=5
[-1] MPI startup(): Imported environment partly inaccesible. Map=0 Info=14ffab0
[-1] MPI startup(): Imported environment partly inaccesible. Map=0 Info=642ab0
[-1] MPI startup(): Imported environment partly inaccesible. Map=0 Info=2307ab0
[-1] MPI startup(): Imported environment partly inaccesible. Map=0 Info=2433ab0
[-1] MPI startup(): Imported environment partly inaccesible. Map=0 Info=a0bab0
[-1] MPI startup(): Imported environment partly inaccesible. Map=0 Info=1772ab0
[-1] MPI startup(): Imported environment partly inaccesible. Map=0 Info=1554ab0
[-1] MPI startup(): Imported environment partly inaccesible. Map=0 Info=c91ab0
[0] MPI startup(): Multi-threaded optimized library
[0] DAPL startup(): trying to open DAPL provider from I_MPI_DAPL_PROVIDER: ofa-v2-mlx4_0-1u
[3] DAPL startup(): trying to open DAPL provider from I_MPI_DAPL_PROVIDER: ofa-v2-mlx4_0-1u
[4] DAPL startup(): trying to open DAPL provider from I_MPI_DAPL_PROVIDER: ofa-v2-mlx4_0-1u
[1] DAPL startup(): trying to open DAPL provider from I_MPI_DAPL_PROVIDER: ofa-v2-mlx4_0-1u
[2] DAPL startup(): trying to open DAPL provider from I_MPI_DAPL_PROVIDER: ofa-v2-mlx4_0-1u
[7] DAPL startup(): trying to open DAPL provider from I_MPI_DAPL_PROVIDER: ofa-v2-mlx4_0-1u
[5] DAPL startup(): trying to open DAPL provider from I_MPI_DAPL_PROVIDER: ofa-v2-mlx4_0-1u
[6] DAPL startup(): trying to open DAPL provider from I_MPI_DAPL_PROVIDER: ofa-v2-mlx4_0-1u
[3] MPI startup(): DAPL provider ofa-v2-mlx4_0-1u
[3] MPI startup(): dapl data transfer mode
[5] MPI startup(): DAPL provider ofa-v2-mlx4_0-1u
[5] MPI startup(): dapl data transfer mode
[1] MPI startup(): DAPL provider ofa-v2-mlx4_0-1u
[1] MPI startup(): dapl data transfer mode
[0] MPI startup(): DAPL provider ofa-v2-mlx4_0-1u
[0] MPI startup(): dapl data transfer mode
[2] MPI startup(): DAPL provider ofa-v2-mlx4_0-1u
[2] MPI startup(): dapl data transfer mode
[4] MPI startup(): DAPL provider ofa-v2-mlx4_0-1u
[4] MPI startup(): dapl data transfer mode
[6] MPI startup(): DAPL provider ofa-v2-mlx4_0-1u
[6] MPI startup(): dapl data transfer mode
[7] MPI startup(): DAPL provider ofa-v2-mlx4_0-1u
[7] MPI startup(): dapl data transfer mode
[3] MPID_nem_init_dapl_coll_fns(): User set DAPL collective mask = 0000
[3] MPID_nem_init_dapl_coll_fns(): Effective DAPL collective mask = 0000
[4] MPID_nem_init_dapl_coll_fns(): User set DAPL collective mask = 0000
[4] MPID_nem_init_dapl_coll_fns(): Effective DAPL collective mask = 0000
[2] MPID_nem_init_dapl_coll_fns(): User set DAPL collective mask = 0000
[2] MPID_nem_init_dapl_coll_fns(): Effective DAPL collective mask = 0000
[5] MPID_nem_init_dapl_coll_fns(): User set DAPL collective mask = 0000
[5] MPID_nem_init_dapl_coll_fns(): Effective DAPL collective mask = 0000
[1] MPID_nem_init_dapl_coll_fns(): User set DAPL collective mask = 0000
[1] MPID_nem_init_dapl_coll_fns(): Effective DAPL collective mask = 0000
[6] MPID_nem_init_dapl_coll_fns(): User set DAPL collective mask = 0000
[6] MPID_nem_init_dapl_coll_fns(): Effective DAPL collective mask = 0000
[0] MPID_nem_init_dapl_coll_fns(): User set DAPL collective mask = 0000
[0] MPID_nem_init_dapl_coll_fns(): Effective DAPL collective mask = 0000
[7] MPID_nem_init_dapl_coll_fns(): User set DAPL collective mask = 0000
[7] MPID_nem_init_dapl_coll_fns(): Effective DAPL collective mask = 0000
[0] MPI startup(): Rank    Pid      Node name  Pin cpu
[0] MPI startup(): 0       2246     c6642      +1
[0] MPI startup(): 1       28737    c6948      +1
[0] MPI startup(): 2       9881     c7012      +1
[0] MPI startup(): 3       9609     c7013      +1
[0] MPI startup(): 4       29552    c7244      +1
[0] MPI startup(): 5       28509    c7245      +1
[0] MPI startup(): 6       6336     c7248      +1
[0] MPI startup(): 7       18663    c7249      +1
[0] MPI startup(): I_MPI_DEBUG=5
[-1] MPI startup(): Imported environment partly inaccesible. Map=0 Info=23ebab0
[0] MPI startup(): Multi-threaded optimized library
[-1] MPI startup(): Imported environment partly inaccesible. Map=0 Info=2299ab0
[-1] MPI startup(): Imported environment partly inaccesible. Map=0 Info=2172ab0
[-1] MPI startup(): Imported environment partly inaccesible. Map=0 Info=19bdab0
[-1] MPI startup(): Imported environment partly inaccesible. Map=0 Info=1590ab0
[-1] MPI startup(): Imported environment partly inaccesible. Map=0 Info=149dab0
[-1] MPI startup(): Imported environment partly inaccesible. Map=0 Info=15f3ab0
[-1] MPI startup(): Imported environment partly inaccesible. Map=0 Info=ab9ab0
[0] DAPL startup(): trying to open DAPL provider from I_MPI_DAPL_PROVIDER: ofa-v2-mlx4_0-1u
[4] DAPL startup(): trying to open DAPL provider from I_MPI_DAPL_PROVIDER: ofa-v2-mlx4_0-1u
[2] DAPL startup(): trying to open DAPL provider from I_MPI_DAPL_PROVIDER: ofa-v2-mlx4_0-1u
[3] DAPL startup(): trying to open DAPL provider from I_MPI_DAPL_PROVIDER: ofa-v2-mlx4_0-1u
[5] DAPL startup(): trying to open DAPL provider from I_MPI_DAPL_PROVIDER: ofa-v2-mlx4_0-1u
[1] DAPL startup(): trying to open DAPL provider from I_MPI_DAPL_PROVIDER: ofa-v2-mlx4_0-1u
[6] DAPL startup(): trying to open DAPL provider from I_MPI_DAPL_PROVIDER: ofa-v2-mlx4_0-1u
[7] DAPL startup(): trying to open DAPL provider from I_MPI_DAPL_PROVIDER: ofa-v2-mlx4_0-1u
[1] MPI startup(): DAPL provider ofa-v2-mlx4_0-1u
[1] MPI startup(): dapl data transfer mode
[0] MPI startup(): DAPL provider ofa-v2-mlx4_0-1u
[5] MPI startup(): DAPL provider ofa-v2-mlx4_0-1u
[2] MPI startup(): DAPL provider ofa-v2-mlx4_0-1u
[5] MPI startup(): dapl data transfer mode
[2] MPI startup(): dapl data transfer mode
[0] MPI startup(): dapl data transfer mode
[4] MPI startup(): DAPL provider ofa-v2-mlx4_0-1u
[3] MPI startup(): DAPL provider ofa-v2-mlx4_0-1u
[4] MPI startup(): dapl data transfer mode
[3] MPI startup(): dapl data transfer mode
[6] MPI startup(): DAPL provider ofa-v2-mlx4_0-1u
[6] MPI startup(): dapl data transfer mode
[7] MPI startup(): DAPL provider ofa-v2-mlx4_0-1u
[7] MPI startup(): dapl data transfer mode
[1] MPID_nem_init_dapl_coll_fns(): User set DAPL collective mask = 0000
[1] MPID_nem_init_dapl_coll_fns(): Effective DAPL collective mask = 0000
[4] MPID_nem_init_dapl_coll_fns(): User set DAPL collective mask = 0000
[4] MPID_nem_init_dapl_coll_fns(): Effective DAPL collective mask = 0000
[3] MPID_nem_init_dapl_coll_fns(): User set DAPL collective mask = 0000
[3] MPID_nem_init_dapl_coll_fns(): Effective DAPL collective mask = 0000
[5] MPID_nem_init_dapl_coll_fns(): User set DAPL collective mask = 0000
[5] MPID_nem_init_dapl_coll_fns(): Effective DAPL collective mask = 0000
[6] MPID_nem_init_dapl_coll_fns(): User set DAPL collective mask = 0000
[6] MPID_nem_init_dapl_coll_fns(): Effective DAPL collective mask = 0000
[2] MPID_nem_init_dapl_coll_fns(): User set DAPL collective mask = 0000
[2] MPID_nem_init_dapl_coll_fns(): Effective DAPL collective mask = 0000
[0] MPID_nem_init_dapl_coll_fns(): User set DAPL collective mask = 0000
[0] MPID_nem_init_dapl_coll_fns(): Effective DAPL collective mask = 0000
[7] MPID_nem_init_dapl_coll_fns(): User set DAPL collective mask = 0000
[7] MPID_nem_init_dapl_coll_fns(): Effective DAPL collective mask = 0000
[0] MPI startup(): Rank    Pid      Node name  Pin cpu
[0] MPI startup(): 0       2471     c6642      +1
[0] MPI startup(): 1       28903    c6948      +1
[0] MPI startup(): 2       10058    c7012      +1
[0] MPI startup(): 3       9775     c7013      +1
[0] MPI startup(): 4       29729    c7244      +1
[0] MPI startup(): 5       28675    c7245      +1
[0] MPI startup(): 6       6502     c7248      +1
[0] MPI startup(): 7       18843    c7249      +1
[0] MPI startup(): I_MPI_DEBUG=5
[-1] MPI startup(): Imported environment partly inaccesible. Map=0 Info=21e0ab0
[-1] MPI startup(): Imported environment partly inaccesible. Map=0 Info=e41ab0
[-1] MPI startup(): Imported environment partly inaccesible. Map=0 Info=1b98ab0
[-1] MPI startup(): Imported environment partly inaccesible. Map=0 Info=24dbab0
[-1] MPI startup(): Imported environment partly inaccesible. Map=0 Info=18b3ab0
[-1] MPI startup(): Imported environment partly inaccesible. Map=0 Info=12f8ab0
[-1] MPI startup(): Imported environment partly inaccesible. Map=0 Info=11a5ab0
[-1] MPI startup(): Imported environment partly inaccesible. Map=0 Info=1a64ab0
[0] MPI startup(): Multi-threaded optimized library
[0] DAPL startup(): trying to open DAPL provider from I_MPI_DAPL_PROVIDER: ofa-v2-mlx4_0-1u
[2] DAPL startup(): trying to open DAPL provider from I_MPI_DAPL_PROVIDER: ofa-v2-mlx4_0-1u
[4] DAPL startup(): trying to open DAPL provider from I_MPI_DAPL_PROVIDER: ofa-v2-mlx4_0-1u
[1] DAPL startup(): trying to open DAPL provider from I_MPI_DAPL_PROVIDER: ofa-v2-mlx4_0-1u
[7] DAPL startup(): trying to open DAPL provider from I_MPI_DAPL_PROVIDER: ofa-v2-mlx4_0-1u
[5] DAPL startup(): trying to open DAPL provider from I_MPI_DAPL_PROVIDER: ofa-v2-mlx4_0-1u
[6] DAPL startup(): trying to open DAPL provider from I_MPI_DAPL_PROVIDER: ofa-v2-mlx4_0-1u
[3] DAPL startup(): trying to open DAPL provider from I_MPI_DAPL_PROVIDER: ofa-v2-mlx4_0-1u
[3] MPI startup(): DAPL provider ofa-v2-mlx4_0-1u
[3] MPI startup(): dapl data transfer mode
[1] MPI startup(): DAPL provider ofa-v2-mlx4_0-1u
[1] MPI startup(): dapl data transfer mode
[2] MPI startup(): DAPL provider ofa-v2-mlx4_0-1u
[2] MPI startup(): dapl data transfer mode
[0] MPI startup(): DAPL provider ofa-v2-mlx4_0-1u
[0] MPI startup(): dapl data transfer mode
[5] MPI startup(): DAPL provider ofa-v2-mlx4_0-1u
[5] MPI startup(): dapl data transfer mode
[6] MPI startup(): DAPL provider ofa-v2-mlx4_0-1u
[6] MPI startup(): dapl data transfer mode
[4] MPI startup(): DAPL provider ofa-v2-mlx4_0-1u
[4] MPI startup(): dapl data transfer mode
[7] MPI startup(): DAPL provider ofa-v2-mlx4_0-1u
[7] MPI startup(): dapl data transfer mode
[1] MPID_nem_init_dapl_coll_fns(): User set DAPL collective mask = 0000
[1] MPID_nem_init_dapl_coll_fns(): Effective DAPL collective mask = 0000
[4] MPID_nem_init_dapl_coll_fns(): User set DAPL collective mask = 0000
[4] MPID_nem_init_dapl_coll_fns(): Effective DAPL collective mask = 0000
[5] MPID_nem_init_dapl_coll_fns(): User set DAPL collective mask = 0000
[5] MPID_nem_init_dapl_coll_fns(): Effective DAPL collective mask = 0000
[3] MPID_nem_init_dapl_coll_fns(): User set DAPL collective mask = 0000
[3] MPID_nem_init_dapl_coll_fns(): Effective DAPL collective mask = 0000
[6] MPID_nem_init_dapl_coll_fns(): User set DAPL collective mask = 0000
[6] MPID_nem_init_dapl_coll_fns(): Effective DAPL collective mask = 0000
[2] MPID_nem_init_dapl_coll_fns(): User set DAPL collective mask = 0000
[2] MPID_nem_init_dapl_coll_fns(): Effective DAPL collective mask = 0000
[0] MPID_nem_init_dapl_coll_fns(): User set DAPL collective mask = 0000
[0] MPID_nem_init_dapl_coll_fns(): Effective DAPL collective mask = 0000
[7] MPID_nem_init_dapl_coll_fns(): User set DAPL collective mask = 0000
[7] MPID_nem_init_dapl_coll_fns(): Effective DAPL collective mask = 0000
[0] MPI startup(): Rank    Pid      Node name  Pin cpu
[0] MPI startup(): 0       2691     c6642      +1
[0] MPI startup(): 1       29084    c6948      +1
[0] MPI startup(): 2       10236    c7012      +1
[0] MPI startup(): 3       9956     c7013      +1
[0] MPI startup(): 4       29895    c7244      +1
[0] MPI startup(): 5       28852    c7245      +1
[0] MPI startup(): 6       6668     c7248      +1
[0] MPI startup(): 7       19021    c7249      +1
[0] MPI startup(): I_MPI_DEBUG=5
[-1] MPI startup(): Imported environment partly inaccesible. Map=0 Info=776ab0
[-1] MPI startup(): Imported environment partly inaccesible. Map=0 Info=133bab0
[0] MPI startup(): Multi-threaded optimized library
[-1] MPI startup(): Imported environment partly inaccesible. Map=0 Info=1f4cab0
[-1] MPI startup(): Imported environment partly inaccesible. Map=0 Info=117cab0
[-1] MPI startup(): Imported environment partly inaccesible. Map=0 Info=2068ab0
[-1] MPI startup(): Imported environment partly inaccesible. Map=0 Info=2569ab0
[-1] MPI startup(): Imported environment partly inaccesible. Map=0 Info=1915ab0
[-1] MPI startup(): Imported environment partly inaccesible. Map=0 Info=23b5ab0
[2] DAPL startup(): trying to open DAPL provider from I_MPI_DAPL_PROVIDER: ofa-v2-mlx4_0-1u
[0] DAPL startup(): trying to open DAPL provider from I_MPI_DAPL_PROVIDER: ofa-v2-mlx4_0-1u
[1] DAPL startup(): trying to open DAPL provider from I_MPI_DAPL_PROVIDER: ofa-v2-mlx4_0-1u
[4] DAPL startup(): trying to open DAPL provider from I_MPI_DAPL_PROVIDER: ofa-v2-mlx4_0-1u
[7] DAPL startup(): trying to open DAPL provider from I_MPI_DAPL_PROVIDER: ofa-v2-mlx4_0-1u
[3] DAPL startup(): trying to open DAPL provider from I_MPI_DAPL_PROVIDER: ofa-v2-mlx4_0-1u
[5] DAPL startup(): trying to open DAPL provider from I_MPI_DAPL_PROVIDER: ofa-v2-mlx4_0-1u
[6] DAPL startup(): trying to open DAPL provider from I_MPI_DAPL_PROVIDER: ofa-v2-mlx4_0-1u
[0] MPI startup(): DAPL provider ofa-v2-mlx4_0-1u
[0] MPI startup(): dapl data transfer mode
[1] MPI startup(): DAPL provider ofa-v2-mlx4_0-1u
[1] MPI startup(): dapl data transfer mode
[5] MPI startup(): DAPL provider ofa-v2-mlx4_0-1u
[5] MPI startup(): dapl data transfer mode
[2] MPI startup(): DAPL provider ofa-v2-mlx4_0-1u
[3] MPI startup(): DAPL provider ofa-v2-mlx4_0-1u
[2] MPI startup(): dapl data transfer mode
[3] MPI startup(): dapl data transfer mode
[4] MPI startup(): DAPL provider ofa-v2-mlx4_0-1u
[4] MPI startup(): dapl data transfer mode
[7] MPI startup(): DAPL provider ofa-v2-mlx4_0-1u
[7] MPI startup(): dapl data transfer mode
[6] MPI startup(): DAPL provider ofa-v2-mlx4_0-1u
[6] MPI startup(): dapl data transfer mode
[5] MPID_nem_init_dapl_coll_fns(): User set DAPL collective mask = 0000
[5] MPID_nem_init_dapl_coll_fns(): Effective DAPL collective mask = 0000
[6] MPID_nem_init_dapl_coll_fns(): User set DAPL collective mask = 0000
[6] MPID_nem_init_dapl_coll_fns(): Effective DAPL collective mask = 0000
[4] MPID_nem_init_dapl_coll_fns(): User set DAPL collective mask = 0000
[4] MPID_nem_init_dapl_coll_fns(): Effective DAPL collective mask = 0000
[1] MPID_nem_init_dapl_coll_fns(): User set DAPL collective mask = 0000
[1] MPID_nem_init_dapl_coll_fns(): Effective DAPL collective mask = 0000
[3] MPID_nem_init_dapl_coll_fns(): User set DAPL collective mask = 0000
[3] MPID_nem_init_dapl_coll_fns(): Effective DAPL collective mask = 0000
[2] MPID_nem_init_dapl_coll_fns(): User set DAPL collective mask = 0000
[2] MPID_nem_init_dapl_coll_fns(): Effective DAPL collective mask = 0000
[0] MPID_nem_init_dapl_coll_fns(): User set DAPL collective mask = 0000
[0] MPID_nem_init_dapl_coll_fns(): Effective DAPL collective mask = 0000
[7] MPID_nem_init_dapl_coll_fns(): User set DAPL collective mask = 0000
[7] MPID_nem_init_dapl_coll_fns(): Effective DAPL collective mask = 0000
[0] MPI startup(): Rank    Pid      Node name  Pin cpu
[0] MPI startup(): 0       2883     c6642      +1
[0] MPI startup(): 1       29264    c6948      +1
[0] MPI startup(): 2       10414    c7012      +1
[0] MPI startup(): 3       10136    c7013      +1
[0] MPI startup(): 4       30073    c7244      +1
[0] MPI startup(): 5       29019    c7245      +1
[0] MPI startup(): 6       6848     c7248      +1
[0] MPI startup(): 7       19201    c7249      +1
[0] MPI startup(): I_MPI_DEBUG=5
